
Gurobi 10.0.0 (linux64, gurobi_cl) logging started Tue May  9 15:57:34 2023

Set parameter TokenServer to value "ensys3.service.tu-berlin.de"
Set parameter LogFile to value "gurobi.log"
Using license file /home/users/x/xiaowei_zhou/gurobi.lic

Gurobi 10.0.0 (linux64, gurobi_cl) logging started Tue May  9 15:57:34 2023

Set parameter TokenServer to value "ensys3.service.tu-berlin.de"
Set parameter LogFile to value "gurobi.log"
Using license file /home/users/x/xiaowei_zhou/gurobi.lic

Gurobi 10.0.0 (linux64, gurobi_cl) logging started Tue May  9 15:57:49 2023

Set parameter TokenServer to value "ensys3.service.tu-berlin.de"
Set parameter LogFile to value "gurobi.log"
Using license file /home/users/x/xiaowei_zhou/gurobi.lic

Gurobi 10.0.0 (linux64, gurobi_cl) logging started Tue May  9 15:57:50 2023

Set parameter TokenServer to value "ensys3.service.tu-berlin.de"
Set parameter LogFile to value "gurobi.log"
Using license file /home/users/x/xiaowei_zhou/gurobi.lic

Gurobi 10.0.0 (linux64, gurobi_cl) logging started Tue May  9 15:58:20 2023

Set parameter TokenServer to value "ensys3.service.tu-berlin.de"
Set parameter LogFile to value "gurobi.log"
Using license file /home/users/x/xiaowei_zhou/gurobi.lic

Gurobi 10.0.1 (linux64, gurobi_cl) logging started Tue May  9 16:43:51 2023

Set parameter TokenServer to value "ensys3.service.tu-berlin.de"
Set parameter LogFile to value "gurobi.log"

Gurobi 10.0.1 (linux64, gurobi_cl) logging started Tue May  9 16:43:52 2023

Set parameter TokenServer to value "ensys3.service.tu-berlin.de"
Set parameter LogFile to value "gurobi.log"

Gurobi 10.0.1 (linux64, gurobi_cl) logging started Tue May  9 16:44:19 2023

Set parameter TokenServer to value "ensys3.service.tu-berlin.de"
Set parameter LogFile to value "gurobi.log"

Gurobi 10.0.1 (linux64, gurobi_cl) logging started Wed May 10 10:09:29 2023

Set parameter TokenServer to value "ensys3.service.tu-berlin.de"
Set parameter LogFile to value "gurobi.log"
Using license file /home/users/x/xiaowei_zhou/gurobi.lic

Gurobi 10.0.1 (linux64, gurobi_cl) logging started Wed May 10 10:09:29 2023

Set parameter TokenServer to value "ensys3.service.tu-berlin.de"
Set parameter LogFile to value "gurobi.log"
Using license file /home/users/x/xiaowei_zhou/gurobi.lic

Gurobi 10.0.1 (linux64, gurobi_cl) logging started Wed May 10 10:10:36 2023

Set parameter TokenServer to value "ensys3.service.tu-berlin.de"
Set parameter LogFile to value "gurobi.log"
Using license file /home/users/x/xiaowei_zhou/gurobi.lic

Gurobi 10.0.1 (linux64, gurobi_cl) logging started Wed May 10 10:10:36 2023

Set parameter TokenServer to value "ensys3.service.tu-berlin.de"
Set parameter LogFile to value "gurobi.log"
Using license file /home/users/x/xiaowei_zhou/gurobi.lic

Gurobi 10.0.1 (linux64, gurobi_cl) logging started Wed May 10 10:10:49 2023

Set parameter TokenServer to value "ensys3.service.tu-berlin.de"
Set parameter LogFile to value "gurobi.log"
Using license file /home/users/x/xiaowei_zhou/gurobi.lic

Gurobi 10.0.1 (linux64, gurobi_cl) logging started Wed May 10 10:10:49 2023

Set parameter TokenServer to value "ensys3.service.tu-berlin.de"
Set parameter LogFile to value "gurobi.log"
Using license file /home/users/x/xiaowei_zhou/gurobi.lic

Gurobi 10.0.1 (linux64, gurobi_cl) logging started Wed May 10 10:10:54 2023

Set parameter TokenServer to value "ensys3.service.tu-berlin.de"
Set parameter LogFile to value "gurobi.log"
Using license file /home/users/x/xiaowei_zhou/gurobi.lic

Gurobi 10.0.1 (linux64, gurobi_cl) logging started Wed May 10 10:44:55 2023

Set parameter TokenServer to value "ensys3.service.tu-berlin.de"
Set parameter LogFile to value "gurobi.log"
Using license file /home/users/x/xiaowei_zhou/gurobi.lic

Gurobi 10.0.1 (linux64, gurobi_cl) logging started Wed May 10 10:45:46 2023

Set parameter TokenServer to value "ensys3.service.tu-berlin.de"
Set parameter LogFile to value "gurobi.log"
Using license file /home/users/x/xiaowei_zhou/gurobi.lic

Gurobi 10.0.1 (linux64, gurobi_cl) logging started Wed May 10 10:45:46 2023

Set parameter TokenServer to value "ensys3.service.tu-berlin.de"
Set parameter LogFile to value "gurobi.log"
Using license file /home/users/x/xiaowei_zhou/gurobi.lic

Gurobi 10.0.1 (linux64, gurobi_cl) logging started Wed May 10 10:46:00 2023

Set parameter TokenServer to value "ensys3.service.tu-berlin.de"
Set parameter LogFile to value "gurobi.log"
Using license file /home/users/x/xiaowei_zhou/gurobi.lic

Gurobi 10.0.1 (linux64, gurobi_cl) logging started Wed May 10 10:46:00 2023

Set parameter TokenServer to value "ensys3.service.tu-berlin.de"
Set parameter LogFile to value "gurobi.log"
Using license file /home/users/x/xiaowei_zhou/gurobi.lic

Gurobi 10.0.1 (linux64, gurobi_cl) logging started Wed May 10 10:46:07 2023


Gurobi 10.0.1 (linux64, gurobi_cl) logging started Wed May 10 10:46:07 2023

Set parameter TokenServer to value "ensys3.service.tu-berlin.de"
Set parameter TokenServer to value "ensys3.service.tu-berlin.de"
Set parameter LogFile to value "gurobi.log"
Set parameter LogFile to value "gurobi.log"

Gurobi 10.0.1 (linux64, gurobi_cl) logging started Wed May 10 10:46:07 2023


Gurobi 10.0.1 (linux64, gurobi_cl) logging started Wed May 10 10:46:07 2023

Set parameter TokenServer to value "ensys3.service.tu-berlin.de"
Using license file /home/users/x/xiaowei_zhou/gurobi.lic
Set parameter TokenServer to value "ensys3.service.tu-berlin.de"
Set parameter LogFile to value "gurobi.log"
Set parameter LogFile to value "gurobi.log"
Using license file /home/users/x/xiaowei_zhou/gurobi.lic
Using license file /home/users/x/xiaowei_zhou/gurobi.lic

Gurobi 10.0.1 (linux64, gurobi_cl) logging started Wed May 10 10:46:07 2023


Gurobi 10.0.1 (linux64, gurobi_cl) logging started Wed May 10 10:46:07 2023

Set parameter TokenServer to value "ensys3.service.tu-berlin.de"
Set parameter TokenServer to value "ensys3.service.tu-berlin.de"
Set parameter LogFile to value "gurobi.log"
Set parameter LogFile to value "gurobi.log"
Using license file /home/users/x/xiaowei_zhou/gurobi.lic
Using license file /home/users/x/xiaowei_zhou/gurobi.lic

Gurobi 10.0.1 (linux64, gurobi_cl) logging started Wed May 10 10:46:07 2023

Set parameter TokenServer to value "ensys3.service.tu-berlin.de"
Set parameter LogFile to value "gurobi.log"
Using license file /home/users/x/xiaowei_zhou/gurobi.lic

Gurobi 10.0.1 (linux64, gurobi_cl) logging started Wed May 10 10:46:07 2023


Gurobi 10.0.1 (linux64, gurobi_cl) logging started Wed May 10 10:46:07 2023

Set parameter TokenServer to value "ensys3.service.tu-berlin.de"
Set parameter TokenServer to value "ensys3.service.tu-berlin.de"
Set parameter LogFile to value "gurobi.log"
Set parameter LogFile to value "gurobi.log"
Using license file /home/users/x/xiaowei_zhou/gurobi.lic
Using license file /home/users/x/xiaowei_zhou/gurobi.lic

Gurobi 10.0.1 (linux64, gurobi_cl) logging started Wed May 10 10:47:27 2023

Set parameter TokenServer to value "ensys3.service.tu-berlin.de"
Set parameter LogFile to value "gurobi.log"
Using license file /home/users/x/xiaowei_zhou/gurobi.lic

Gurobi 10.0.1 (linux64, gurobi_cl) logging started Wed May 10 10:47:54 2023

Set parameter TokenServer to value "ensys3.service.tu-berlin.de"
Set parameter LogFile to value "gurobi.log"
Using license file /home/users/x/xiaowei_zhou/gurobi.lic

Gurobi 10.0.1 (linux64, gurobi_cl) logging started Wed May 10 10:57:20 2023

Set parameter TokenServer to value "ensys3.service.tu-berlin.de"
Set parameter LogFile to value "gurobi.log"
Using license file /home/users/x/xiaowei_zhou/gurobi.lic

Gurobi 10.0.1 (linux64, gurobi_cl) logging started Wed May 10 10:57:20 2023

Set parameter TokenServer to value "ensys3.service.tu-berlin.de"
Set parameter LogFile to value "gurobi.log"
Using license file /home/users/x/xiaowei_zhou/gurobi.lic

Gurobi 10.0.1 (linux64, gurobi_cl) logging started Wed May 10 10:57:34 2023

Set parameter TokenServer to value "ensys3.service.tu-berlin.de"
Set parameter LogFile to value "gurobi.log"
Using license file /home/users/x/xiaowei_zhou/gurobi.lic

Gurobi 10.0.1 (linux64, gurobi_cl) logging started Wed May 10 10:57:34 2023

Set parameter TokenServer to value "ensys3.service.tu-berlin.de"
Set parameter LogFile to value "gurobi.log"
Using license file /home/users/x/xiaowei_zhou/gurobi.lic

Gurobi 10.0.1 (linux64, gurobi_cl) logging started Wed May 10 10:57:39 2023


Gurobi 10.0.1 (linux64, gurobi_cl) logging started Wed May 10 10:57:39 2023


Gurobi 10.0.1 (linux64, gurobi_cl) logging started Wed May 10 10:57:39 2023


Gurobi 10.0.1 (linux64, gurobi_cl) logging started Wed May 10 10:57:39 2023


Gurobi 10.0.1 (linux64, gurobi_cl) logging started Wed May 10 10:57:39 2023


Gurobi 10.0.1 (linux64, gurobi_cl) logging started Wed May 10 10:57:39 2023


Gurobi 10.0.1 (linux64, gurobi_cl) logging started Wed May 10 10:57:39 2023


Gurobi 10.0.1 (linux64, gurobi_cl) logging started Wed May 10 10:57:39 2023

Set parameter TokenServer to value "ensys3.service.tu-berlin.de"
Set parameter TokenServer to value "ensys3.service.tu-berlin.de"
Set parameter TokenServer to value "ensys3.service.tu-berlin.de"
Set parameter LogFile to value "gurobi.log"
ervice.tu-berlin.de"
Set parameter TokenServer to value "ensys3.sSet parameter LogFile to value "gurobi.log"
Set parameter LogFile to value "gurobi.log"
Set parameter LogFile to value "gurobi.log"
Set parameter LogFile to value "gurobi.log"
ervice.tu-berlin.de"
Set parameter TokenServer to value "ensys3.service.tu-berlin.de"
Set parameter LogFile to value "gurobi.log"
Set parameter LogFile to value "gurobi.log"
Using license file /home/users/x/xiaowei_zhou/gurobi.lic
Using license file /home/users/x/xiaowei_zhou/gurobi.lic
Using license file /home/users/x/xiaowei_zhou/gurobi.lic
Using license file /home/users/x/xiaowei_zhou/gurobi.lic
Using license file /home/users/x/xiaowei_zhou/gurobi.lic
Using license file /home/users/x/xiaowei_zhou/gurobi.lic
Using license file /home/users/x/xiaowei_zhou/gurobi.lic
Using license file /home/users/x/xiaowei_zhou/gurobi.lic
Using license file /home/users/x/xiaowei_zhou/gurobi.lic

Gurobi 10.0.1 (linux64, gurobi_cl) logging started Wed May 10 10:58:43 2023

Set parameter TokenServer to value "ensys3.service.tu-berlin.de"
Set parameter LogFile to value "gurobi.log"
Using license file /home/users/x/xiaowei_zhou/gurobi.lic

Gurobi 10.0.1 (linux64, gurobi_cl) logging started Wed May 10 10:59:10 2023

Set parameter TokenServer to value "ensys3.service.tu-berlin.de"
Set parameter LogFile to value "gurobi.log"
Using license file /home/users/x/xiaowei_zhou/gurobi.lic

Gurobi 10.0.1 (linux64, gurobi_cl) logging started Wed May 10 11:02:11 2023

Set parameter TokenServer to value "ensys3.service.tu-berlin.de"
Set parameter LogFile to value "gurobi.log"
Using license file /home/users/x/xiaowei_zhou/gurobi.lic

Gurobi 10.0.1 (linux64, gurobi_cl) logging started Wed May 10 11:02:11 2023

Set parameter TokenServer to value "ensys3.service.tu-berlin.de"
Set parameter LogFile to value "gurobi.log"
Using license file /home/users/x/xiaowei_zhou/gurobi.lic

Gurobi 10.0.1 (linux64, gurobi_cl) logging started Wed May 10 11:02:23 2023

Set parameter TokenServer to value "ensys3.service.tu-berlin.de"
Set parameter LogFile to value "gurobi.log"
Using license file /home/users/x/xiaowei_zhou/gurobi.lic

Gurobi 10.0.1 (linux64, gurobi_cl) logging started Wed May 10 11:02:23 2023

Set parameter TokenServer to value "ensys3.service.tu-berlin.de"
Set parameter LogFile to value "gurobi.log"
Using license file /home/users/x/xiaowei_zhou/gurobi.lic

Gurobi 10.0.1 (linux64, gurobi_cl) logging started Wed May 10 11:02:27 2023


Gurobi 10.0.1 (linux64, gurobi_cl) logging started Wed May 10 11:02:27 2023

Set parameter TokenServer to value "ensys3.service.tu-berlin.de"
Set parameter LogFile to value "gurobi.log"
Set parameter TokenServer to value "ensys3.service.tu-berlin.de"
Set parameter LogFile to value "gurobi.log"
Using license file /home/users/x/xiaowei_zhou/gurobi.lic
Using license file /home/users/x/xiaowei_zhou/gurobi.lic

Gurobi 10.0.1 (linux64, gurobi_cl) logging started Wed May 10 11:02:27 2023

Set parameter TokenServer to value "ensys3.service.tu-berlin.de"
Set parameter LogFile to value "gurobi.log"
Using license file /home/users/x/xiaowei_zhou/gurobi.lic

Gurobi 10.0.1 (linux64, gurobi_cl) logging started Wed May 10 11:02:31 2023


Gurobi 10.0.1 (linux64, gurobi_cl) logging started Wed May 10 11:02:31 2023

Set parameter TokenServer to value "ensys3.service.tu-berlin.de"
Set parameter TokenServer to value "ensys3.service.tu-berlin.de"
Set parameter LogFile to value "gurobi.log"
ervice.tu-berlin.de"
Set parameter LogFile to value "gurobi.log"
Set parameter LogFile to value "gurobi.log"
Using license file /home/users/x/xiaowei_zhou/gurobi.lic
Using license file /home/users/x/xiaowei_zhou/gurobi.lic
Using license file /home/users/x/xiaowei_zhou/gurobi.lic

Gurobi 10.0.1 (linux64, gurobi_cl) logging started Wed May 10 11:02:31 2023


Gurobi 10.0.1 (linux64, gurobi_cl) logging started Wed May 10 11:02:31 2023

Set parameter TokenServer to value "ensys3.service.tu-berlin.de"
Set parameter TokenServer to value "ensys3.service.tu-berlin.de"
Set parameter LogFile to value "gurobi.log"
Set parameter LogFile to value "gurobi.log"
Using license file /home/users/x/xiaowei_zhou/gurobi.lic
Using license file /home/users/x/xiaowei_zhou/gurobi.lic

Gurobi 10.0.1 (linux64, gurobi_cl) logging started Wed May 10 11:02:31 2023

Set parameter TokenServer to value "ensys3.service.tu-berlin.de"
Set parameter LogFile to value "gurobi.log"
Using license file /home/users/x/xiaowei_zhou/gurobi.lic

Gurobi 10.0.1 (linux64, gurobi_cl) logging started Wed May 10 11:03:34 2023

Set parameter TokenServer to value "ensys3.service.tu-berlin.de"
Set parameter LogFile to value "gurobi.log"
Using license file /home/users/x/xiaowei_zhou/gurobi.lic

Gurobi 10.0.1 (linux64, gurobi_cl) logging started Wed May 10 11:04:00 2023

Set parameter TokenServer to value "ensys3.service.tu-berlin.de"
Set parameter LogFile to value "gurobi.log"
Using license file /home/users/x/xiaowei_zhou/gurobi.lic

Gurobi 10.0.1 (linux64, gurobi_cl) logging started Wed May 10 14:14:42 2023

Set parameter TokenServer to value "ensys3.service.tu-berlin.de"
Set parameter LogFile to value "gurobi.log"
Using license file /home/users/x/xiaowei_zhou/gurobi.lic

Gurobi 10.0.1 (linux64, gurobi_cl) logging started Wed May 10 14:15:00 2023

Set parameter TokenServer to value "ensys3.service.tu-berlin.de"
Set parameter LogFile to value "gurobi.log"
Using license file /home/users/x/xiaowei_zhou/gurobi.lic

Gurobi 10.0.1 (linux64, gurobi_cl) logging started Wed May 10 14:15:00 2023

Set parameter TokenServer to value "ensys3.service.tu-berlin.de"
Set parameter LogFile to value "gurobi.log"
Using license file /home/users/x/xiaowei_zhou/gurobi.lic

Gurobi 10.0.1 (linux64, gurobi_cl) logging started Wed May 10 14:15:29 2023

Set parameter TokenServer to value "ensys3.service.tu-berlin.de"
Set parameter LogFile to value "gurobi.log"
Using license file /home/users/x/xiaowei_zhou/gurobi.lic

Gurobi 10.0.1 (linux64, gurobi_cl) logging started Wed May 10 14:15:29 2023

Set parameter TokenServer to value "ensys3.service.tu-berlin.de"
Set parameter LogFile to value "gurobi.log"
Using license file /home/users/x/xiaowei_zhou/gurobi.lic

Gurobi 10.0.1 (linux64, gurobi_cl) logging started Wed May 10 14:15:45 2023

Set parameter TokenServer to value "ensys3.service.tu-berlin.de"
Set parameter LogFile to value "gurobi.log"
Using license file /home/users/x/xiaowei_zhou/gurobi.lic

Gurobi 10.0.1 (linux64, gurobi_cl) logging started Wed May 10 14:15:51 2023

Set parameter TokenServer to value "ensys3.service.tu-berlin.de"
Set parameter LogFile to value "gurobi.log"
Using license file /home/users/x/xiaowei_zhou/gurobi.lic

Gurobi 10.0.1 (linux64, gurobi_cl) logging started Wed May 10 14:15:51 2023

Set parameter TokenServer to value "ensys3.service.tu-berlin.de"
Set parameter LogFile to value "gurobi.log"
Using license file /home/users/x/xiaowei_zhou/gurobi.lic

Gurobi 10.0.1 (linux64, gurobi_cl) logging started Wed May 10 14:15:56 2023

Set parameter TokenServer to value "ensys3.service.tu-berlin.de"
Set parameter LogFile to value "gurobi.log"
Using license file /home/users/x/xiaowei_zhou/gurobi.lic

Gurobi 10.0.1 (linux64, gurobi_cl) logging started Wed May 10 14:18:26 2023

Set parameter TokenServer to value "ensys3.service.tu-berlin.de"
Set parameter LogFile to value "gurobi.log"
Using license file /home/users/x/xiaowei_zhou/gurobi.lic

Gurobi 10.0.1 (linux64, gurobi_cl) logging started Wed May 10 14:23:21 2023

Set parameter TokenServer to value "ensys3.service.tu-berlin.de"
Set parameter LogFile to value "gurobi.log"
Using license file /home/users/x/xiaowei_zhou/gurobi.lic

Gurobi 10.0.1 (linux64, gurobi_cl) logging started Wed May 10 14:23:21 2023

Set parameter TokenServer to value "ensys3.service.tu-berlin.de"
Set parameter LogFile to value "gurobi.log"
Using license file /home/users/x/xiaowei_zhou/gurobi.lic

Gurobi 10.0.1 (linux64, gurobi_cl) logging started Wed May 10 14:23:36 2023

Set parameter TokenServer to value "ensys3.service.tu-berlin.de"
Set parameter LogFile to value "gurobi.log"
Using license file /home/users/x/xiaowei_zhou/gurobi.lic

Gurobi 10.0.1 (linux64, gurobi_cl) logging started Wed May 10 14:23:36 2023

Set parameter TokenServer to value "ensys3.service.tu-berlin.de"
Set parameter LogFile to value "gurobi.log"
Using license file /home/users/x/xiaowei_zhou/gurobi.lic

Gurobi 10.0.1 (linux64, gurobi_cl) logging started Wed May 10 14:23:41 2023

Set parameter TokenServer to value "ensys3.service.tu-berlin.de"
Set parameter LogFile to value "gurobi.log"
Using license file /home/users/x/xiaowei_zhou/gurobi.lic

Gurobi 10.0.1 (linux64, gurobi_cl) logging started Wed May 10 14:24:18 2023

Set parameter TokenServer to value "ensys3.service.tu-berlin.de"
Set parameter LogFile to value "gurobi.log"
Using license file /home/users/x/xiaowei_zhou/gurobi.lic

Gurobi 10.0.1 (linux64, gurobi_cl) logging started Wed May 10 14:25:34 2023

Set parameter TokenServer to value "ensys3.service.tu-berlin.de"
Set parameter LogFile to value "gurobi.log"
Using license file /home/users/x/xiaowei_zhou/gurobi.lic

Gurobi 10.0.1 (linux64, gurobi_cl) logging started Wed May 10 14:25:35 2023

Set parameter TokenServer to value "ensys3.service.tu-berlin.de"
Set parameter LogFile to value "gurobi.log"
Using license file /home/users/x/xiaowei_zhou/gurobi.lic

Gurobi 10.0.1 (linux64, gurobi_cl) logging started Wed May 10 14:25:49 2023

Set parameter TokenServer to value "ensys3.service.tu-berlin.de"
Set parameter LogFile to value "gurobi.log"
Using license file /home/users/x/xiaowei_zhou/gurobi.lic

Gurobi 10.0.1 (linux64, gurobi_cl) logging started Wed May 10 14:25:49 2023

Set parameter TokenServer to value "ensys3.service.tu-berlin.de"
Set parameter LogFile to value "gurobi.log"
Using license file /home/users/x/xiaowei_zhou/gurobi.lic

Gurobi 10.0.1 (linux64, gurobi_cl) logging started Wed May 10 14:25:53 2023

Set parameter TokenServer to value "ensys3.service.tu-berlin.de"
Set parameter LogFile to value "gurobi.log"
Using license file /home/users/x/xiaowei_zhou/gurobi.lic

Gurobi 10.0.1 (linux64, gurobi_cl) logging started Wed May 10 14:29:31 2023

Set parameter TokenServer to value "ensys3.service.tu-berlin.de"
Set parameter LogFile to value "gurobi.log"
Using license file /home/users/x/xiaowei_zhou/gurobi.lic

Gurobi 10.0.1 (linux64, gurobi_cl) logging started Wed May 10 14:30:04 2023

Set parameter TokenServer to value "ensys3.service.tu-berlin.de"
Set parameter LogFile to value "gurobi.log"
Using license file /home/users/x/xiaowei_zhou/gurobi.lic

Gurobi 10.0.1 (linux64, gurobi_cl) logging started Wed May 10 14:30:04 2023

Set parameter TokenServer to value "ensys3.service.tu-berlin.de"
Set parameter LogFile to value "gurobi.log"
Using license file /home/users/x/xiaowei_zhou/gurobi.lic

Gurobi 10.0.1 (linux64, gurobi_cl) logging started Wed May 10 14:30:15 2023

Set parameter TokenServer to value "ensys3.service.tu-berlin.de"
Set parameter LogFile to value "gurobi.log"
Using license file /home/users/x/xiaowei_zhou/gurobi.lic

Gurobi 10.0.1 (linux64, gurobi_cl) logging started Wed May 10 14:30:15 2023

Set parameter TokenServer to value "ensys3.service.tu-berlin.de"
Set parameter LogFile to value "gurobi.log"
Using license file /home/users/x/xiaowei_zhou/gurobi.lic

Gurobi 10.0.1 (linux64, gurobi_cl) logging started Wed May 10 14:30:21 2023

Set parameter TokenServer to value "ensys3.service.tu-berlin.de"
Set parameter LogFile to value "gurobi.log"
Using license file /home/users/x/xiaowei_zhou/gurobi.lic

Gurobi 10.0.1 (linux64, gurobi_cl) logging started Wed May 10 15:39:46 2023

Set parameter TokenServer to value "ensys3.service.tu-berlin.de"
Set parameter LogFile to value "gurobi.log"
Using license file /home/users/x/xiaowei_zhou/gurobi.lic

Gurobi 10.0.1 (linux64, gurobi_cl) logging started Wed May 10 15:41:12 2023

Set parameter TokenServer to value "ensys3.service.tu-berlin.de"
Set parameter LogFile to value "gurobi.log"
Using license file /home/users/x/xiaowei_zhou/gurobi.lic

Gurobi 10.0.1 (linux64, gurobi_cl) logging started Wed May 10 15:51:00 2023

Set parameter TokenServer to value "ensys3.service.tu-berlin.de"
Set parameter LogFile to value "gurobi.log"
Using license file /home/users/x/xiaowei_zhou/gurobi.lic

Gurobi 10.0.1 (linux64, gurobi_cl) logging started Wed May 10 15:54:09 2023

Set parameter TokenServer to value "ensys3.service.tu-berlin.de"
Set parameter LogFile to value "gurobi.log"
Using license file /home/users/x/xiaowei_zhou/gurobi.lic

Gurobi 10.0.1 (linux64, gurobi_cl) logging started Wed May 10 15:59:34 2023

Set parameter TokenServer to value "ensys3.service.tu-berlin.de"
Set parameter LogFile to value "gurobi.log"
Using license file /home/users/x/xiaowei_zhou/gurobi.lic

Gurobi 10.0.1 (linux64, gurobi_cl) logging started Wed May 10 16:01:48 2023

Set parameter TokenServer to value "ensys3.service.tu-berlin.de"
Set parameter LogFile to value "gurobi.log"
Using license file /home/users/x/xiaowei_zhou/gurobi.lic

Gurobi 10.0.1 (linux64, gurobi_cl) logging started Wed May 10 17:33:03 2023

Set parameter TokenServer to value "ensys3.service.tu-berlin.de"
Set parameter LogFile to value "gurobi.log"
Using license file /home/users/x/xiaowei_zhou/gurobi.lic

Gurobi 10.0.1 (linux64, gurobi_cl) logging started Wed May 10 17:36:19 2023

Set parameter TokenServer to value "ensys3.service.tu-berlin.de"
Set parameter LogFile to value "gurobi.log"
Using license file /home/users/x/xiaowei_zhou/gurobi.lic

Gurobi 10.0.1 (linux64, gurobi_cl) logging started Wed May 10 18:10:37 2023

Set parameter TokenServer to value "ensys3.service.tu-berlin.de"
Set parameter LogFile to value "gurobi.log"
Using license file /home/users/x/xiaowei_zhou/gurobi.lic

Gurobi 10.0.1 (linux64, gurobi_cl) logging started Wed May 10 18:11:46 2023

Set parameter TokenServer to value "ensys3.service.tu-berlin.de"
Set parameter LogFile to value "gurobi.log"
Using license file /home/users/x/xiaowei_zhou/gurobi.lic

Gurobi 10.0.1 (linux64, gurobi_cl) logging started Fri May 12 14:58:34 2023

Set parameter TokenServer to value "ensys3.service.tu-berlin.de"
Set parameter LogFile to value "gurobi.log"
Using license file /home/users/x/xiaowei_zhou/gurobi.lic

Gurobi 10.0.1 (linux64, gurobi_cl) logging started Fri May 12 14:59:07 2023

Set parameter TokenServer to value "ensys3.service.tu-berlin.de"
Set parameter LogFile to value "gurobi.log"
Using license file /home/users/x/xiaowei_zhou/gurobi.lic

Gurobi 10.0.1 (linux64, gurobi_cl) logging started Fri May 12 14:59:07 2023

Set parameter TokenServer to value "ensys3.service.tu-berlin.de"
Set parameter LogFile to value "gurobi.log"
Using license file /home/users/x/xiaowei_zhou/gurobi.lic

Gurobi 10.0.1 (linux64, gurobi_cl) logging started Fri May 12 15:03:34 2023

Set parameter TokenServer to value "ensys3.service.tu-berlin.de"
Set parameter LogFile to value "gurobi.log"
Using license file /home/users/x/xiaowei_zhou/gurobi.lic

Gurobi 10.0.1 (linux64, gurobi_cl) logging started Fri May 12 15:03:34 2023

Set parameter TokenServer to value "ensys3.service.tu-berlin.de"
Set parameter LogFile to value "gurobi.log"
Using license file /home/users/x/xiaowei_zhou/gurobi.lic

Gurobi 10.0.1 (linux64, gurobi_cl) logging started Fri May 12 15:04:36 2023

Set parameter TokenServer to value "ensys3.service.tu-berlin.de"
Set parameter LogFile to value "gurobi.log"
Using license file /home/users/x/xiaowei_zhou/gurobi.lic

Gurobi 10.0.1 (linux64, gurobi_cl) logging started Fri May 12 15:04:36 2023

Set parameter TokenServer to value "ensys3.service.tu-berlin.de"
Set parameter LogFile to value "gurobi.log"
Using license file /home/users/x/xiaowei_zhou/gurobi.lic

Gurobi 10.0.1 (linux64, gurobi_cl) logging started Fri May 12 15:04:41 2023

Set parameter TokenServer to value "ensys3.service.tu-berlin.de"
Set parameter LogFile to value "gurobi.log"
Using license file /home/users/x/xiaowei_zhou/gurobi.lic

Gurobi 10.0.1 (linux64, gurobi_cl) logging started Fri May 12 15:06:01 2023

Set parameter TokenServer to value "ensys3.service.tu-berlin.de"
Set parameter LogFile to value "gurobi.log"
Using license file /home/users/x/xiaowei_zhou/gurobi.lic

Gurobi 10.0.1 (linux64, gurobi_cl) logging started Fri May 12 15:48:04 2023

Set parameter TokenServer to value "ensys3.service.tu-berlin.de"
Set parameter LogFile to value "gurobi.log"
Using license file /home/users/x/xiaowei_zhou/gurobi.lic

Gurobi 10.0.1 (linux64, gurobi_cl) logging started Fri May 12 15:48:27 2023

Set parameter TokenServer to value "ensys3.service.tu-berlin.de"
Set parameter LogFile to value "gurobi.log"
Using license file /home/users/x/xiaowei_zhou/gurobi.lic

Gurobi 10.0.1 (linux64, gurobi_cl) logging started Fri May 12 15:48:27 2023

Set parameter TokenServer to value "ensys3.service.tu-berlin.de"
Set parameter LogFile to value "gurobi.log"
Using license file /home/users/x/xiaowei_zhou/gurobi.lic

Gurobi 10.0.1 (linux64, gurobi_cl) logging started Fri May 12 15:48:51 2023

Set parameter TokenServer to value "ensys3.service.tu-berlin.de"
Set parameter LogFile to value "gurobi.log"
Using license file /home/users/x/xiaowei_zhou/gurobi.lic

Gurobi 10.0.1 (linux64, gurobi_cl) logging started Fri May 12 15:48:51 2023

Set parameter TokenServer to value "ensys3.service.tu-berlin.de"
Set parameter LogFile to value "gurobi.log"
Using license file /home/users/x/xiaowei_zhou/gurobi.lic

Gurobi 10.0.1 (linux64, gurobi_cl) logging started Fri May 12 15:48:56 2023


Gurobi 10.0.1 (linux64, gurobi_cl) logging started Fri May 12 15:48:56 2023


Gurobi 10.0.1 (linux64, gurobi_cl) logging started Fri May 12 15:48:56 2023


Gurobi 10.0.1 (linux64, gurobi_cl) logging started Fri May 12 15:48:56 2023


Gurobi 10.0.1 (linux64, gurobi_cl) logging started Fri May 12 15:48:56 2023

Set parameter TokenServer to value "ensys3.service.tu-berlin.de"
Set parameter TokenServer to value "ensys3.service.tu-berlin.de"
Set parameter TokenServer to value "ensys3.service.tu-berlin.de"
Set parameter LogFile to value "gurobi.log"
Set parameter LogFile to value "gurobi.log"
ervice.tu-berlin.de"
Set parameter LogFile to value "gurobi.log"
ervice.tu-berlin.de"
Set parameter LogFile to value "gurobi.log"
Set parameter LogFile to value "gurobi.log"
Set parameter LogFile to value "gurobi.log"
Using license file /home/users/x/xiaowei_zhou/gurobi.lic
Using license file /home/users/x/xiaowei_zhou/gurobi.lic
Using license file /home/users/x/xiaowei_zhou/gurobi.lic
Using license file /home/users/x/xiaowei_zhou/gurobi.lic
Using license file /home/users/x/xiaowei_zhou/gurobi.lic
Using license file /home/users/x/xiaowei_zhou/gurobi.lic
Using license file /home/users/x/xiaowei_zhou/gurobi.lic
Using license file /home/users/x/xiaowei_zhou/gurobi.lic
Using license file /home/users/x/xiaowei_zhou/gurobi.lic

Gurobi 10.0.1 (linux64, gurobi_cl) logging started Fri May 12 15:50:01 2023

Set parameter TokenServer to value "ensys3.service.tu-berlin.de"
Set parameter LogFile to value "gurobi.log"
Using license file /home/users/x/xiaowei_zhou/gurobi.lic

Gurobi 10.0.1 (linux64, gurobi_cl) logging started Fri May 12 15:50:02 2023

Set parameter TokenServer to value "ensys3.service.tu-berlin.de"
Set parameter LogFile to value "gurobi.log"
Using license file /home/users/x/xiaowei_zhou/gurobi.lic

Gurobi 10.0.1 (linux64, gurobi_cl) logging started Fri May 12 15:50:02 2023

Set parameter TokenServer to value "ensys3.service.tu-berlin.de"
Set parameter LogFile to value "gurobi.log"
Using license file /home/users/x/xiaowei_zhou/gurobi.lic

Gurobi 10.0.1 (linux64, gurobi_cl) logging started Fri May 12 15:50:13 2023

Set parameter TokenServer to value "ensys3.service.tu-berlin.de"
Set parameter LogFile to value "gurobi.log"
Using license file /home/users/x/xiaowei_zhou/gurobi.lic

Gurobi 10.0.1 (linux64, gurobi_cl) logging started Fri May 12 15:50:13 2023

Set parameter TokenServer to value "ensys3.service.tu-berlin.de"
Set parameter LogFile to value "gurobi.log"
Using license file /home/users/x/xiaowei_zhou/gurobi.lic

Gurobi 10.0.1 (linux64, gurobi_cl) logging started Fri May 12 15:50:17 2023

Set parameter TokenServer to value "ensys3.service.tu-berlin.de"
Set parameter LogFile to value "gurobi.log"
Using license file /home/users/x/xiaowei_zhou/gurobi.lic

Gurobi 10.0.1 (linux64, gurobi_cl) logging started Fri May 12 15:50:17 2023


Gurobi 10.0.1 (linux64, gurobi_cl) logging started Fri May 12 15:50:17 2023


Gurobi 10.0.1 (linux64, gurobi_cl) logging started Fri May 12 15:50:17 2023


Gurobi 10.0.1 (linux64, gurobi_cl) logging started Fri May 12 15:50:17 2023


Gurobi 10.0.1 (linux64, gurobi_cl) logging started Fri May 12 15:50:17 2023

Set parameter TokenServer to value "ensys3.service.tu-berlin.de"
Set parameter TokenServer to value "ensys3.service.tu-berlin.de"
Set parameter LogFile to value "gurobi.log"
ervice.tu-berlin.de"
Set parameter LogFile to value "gurobi.log"
Set parameter LogFile to value "gurobi.log"
Set parameter TokenServer to value "ensys3.service.tu-berlin.de"
Set parameter TokenServer to value "ensys3.service.tu-berlin.de"
Set parameter LogFile to value "gurobi.log"
Set parameter LogFile to value "gurobi.log"
Using license file /home/users/x/xiaowei_zhou/gurobi.lic
Using license file /home/users/x/xiaowei_zhou/gurobi.lic
Using license file /home/users/x/xiaowei_zhou/gurobi.lic
Using license file /home/users/x/xiaowei_zhou/gurobi.lic
Using license file /home/users/x/xiaowei_zhou/gurobi.lic
Using license file /home/users/x/xiaowei_zhou/gurobi.lic

Gurobi 10.0.1 (linux64, gurobi_cl) logging started Fri May 12 15:50:19 2023


Gurobi 10.0.1 (linux64, gurobi_cl) logging started Fri May 12 15:50:19 2023

Set parameter TokenServer to value "ensys3.service.tu-berlin.de"
Set parameter TokenServer to value "ensys3.service.tu-berlin.de"
Set parameter LogFile to value "gurobi.log"
Set parameter LogFile to value "gurobi.log"
Using license file /home/users/x/xiaowei_zhou/gurobi.lic
Using license file /home/users/x/xiaowei_zhou/gurobi.lic

Gurobi 10.0.1 (linux64, gurobi_cl) logging started Fri May 12 15:50:27 2023

Set parameter TokenServer to value "ensys3.service.tu-berlin.de"
Set parameter LogFile to value "gurobi.log"
Using license file /home/users/x/xiaowei_zhou/gurobi.lic

Gurobi 10.0.1 (linux64, gurobi_cl) logging started Fri May 12 15:51:05 2023

Set parameter TokenServer to value "ensys3.service.tu-berlin.de"
Set parameter LogFile to value "gurobi.log"
Using license file /home/users/x/xiaowei_zhou/gurobi.lic

Gurobi 10.0.1 (linux64, gurobi_cl) logging started Fri May 12 15:51:31 2023

Set parameter TokenServer to value "ensys3.service.tu-berlin.de"
Set parameter LogFile to value "gurobi.log"
Using license file /home/users/x/xiaowei_zhou/gurobi.lic

Gurobi 10.0.1 (linux64, gurobi_cl) logging started Fri May 12 15:54:21 2023

Set parameter TokenServer to value "ensys3.service.tu-berlin.de"
Set parameter LogFile to value "gurobi.log"
Using license file /home/users/x/xiaowei_zhou/gurobi.lic

Gurobi 10.0.1 (linux64, gurobi_cl) logging started Fri May 12 15:54:21 2023

Set parameter TokenServer to value "ensys3.service.tu-berlin.de"
Set parameter LogFile to value "gurobi.log"
Using license file /home/users/x/xiaowei_zhou/gurobi.lic

Gurobi 10.0.1 (linux64, gurobi_cl) logging started Fri May 12 15:54:26 2023


Gurobi 10.0.1 (linux64, gurobi_cl) logging started Fri May 12 15:54:26 2023


Gurobi 10.0.1 (linux64, gurobi_cl) logging started Fri May 12 15:54:26 2023


Gurobi 10.0.1 (linux64, gurobi_cl) logging started Fri May 12 15:54:26 2023


Gurobi 10.0.1 (linux64, gurobi_cl) logging started Fri May 12 15:54:26 2023


Gurobi 10.0.1 (linux64, gurobi_cl) logging started Fri May 12 15:54:26 2023

Set parameter TokenServer to value "ensys3.service.tu-berlin.de"
Set parameter LogFile to value "gurobi.log"
Set parameter LogFile to value "gurobi.log"

Gurobi 10.0.1 (linux64, gurobi_cl) logging started Fri May 12 15:54:26 2023

Set parameter TokenServer to value "ensys3.service.tu-berlin.de"
Set parameter LogFile to value "gurobi.log"
Set parameter TokenServer to value "ensys3.service.tu-berlin.de"
Set parameter TokenServer to value "ensys3.service.tu-berlin.de"
Set parameter TokenServer to value "ensys3.service.tu-berlin.de"
Set parameter LogFile to value "gurobi.log"
Set parameter LogFile to value "gurobi.log"
ervice.tu-berlin.de"
Set parameter TokenServer to value "ensys3.service.tu-berlin.de"
Set parameter LogFile to value "gurobi.log"
Using license file /home/users/x/xiaowei_zhou/gurobi.lic
Using license file /home/users/x/xiaowei_zhou/gurobi.lic
Using license file /home/users/x/xiaowei_zhou/gurobi.lic
Using license file /home/users/x/xiaowei_zhou/gurobi.lic
Using license file /home/users/x/xiaowei_zhou/gurobi.lic
Using license file /home/users/x/xiaowei_zhou/gurobi.lic
Using license file /home/users/x/xiaowei_zhou/gurobi.lic
Using license file /home/users/x/xiaowei_zhou/gurobi.lic

Gurobi 10.0.1 (linux64, gurobi_cl) logging started Fri May 12 15:55:13 2023

Set parameter TokenServer to value "ensys3.service.tu-berlin.de"
Set parameter LogFile to value "gurobi.log"
Using license file /home/users/x/xiaowei_zhou/gurobi.lic

Gurobi 10.0.1 (linux64, gurobi_cl) logging started Fri May 12 15:55:29 2023

Set parameter TokenServer to value "ensys3.service.tu-berlin.de"
Set parameter LogFile to value "gurobi.log"
Using license file /home/users/x/xiaowei_zhou/gurobi.lic

Gurobi 10.0.1 (linux64, gurobi_cl) logging started Fri May 12 16:07:24 2023

Set parameter TokenServer to value "ensys3.service.tu-berlin.de"
Set parameter LogFile to value "gurobi.log"
Using license file /home/users/x/xiaowei_zhou/gurobi.lic

Gurobi 10.0.1 (linux64, gurobi_cl) logging started Fri May 12 16:07:24 2023

Set parameter TokenServer to value "ensys3.service.tu-berlin.de"
Set parameter LogFile to value "gurobi.log"
Using license file /home/users/x/xiaowei_zhou/gurobi.lic

Gurobi 10.0.1 (linux64, gurobi_cl) logging started Fri May 12 16:07:33 2023

Set parameter TokenServer to value "ensys3.service.tu-berlin.de"
Set parameter LogFile to value "gurobi.log"
Using license file /home/users/x/xiaowei_zhou/gurobi.lic

Gurobi 10.0.1 (linux64, gurobi_cl) logging started Fri May 12 16:07:33 2023

Set parameter TokenServer to value "ensys3.service.tu-berlin.de"
Set parameter LogFile to value "gurobi.log"
Using license file /home/users/x/xiaowei_zhou/gurobi.lic

Gurobi 10.0.1 (linux64, gurobi_cl) logging started Fri May 12 16:07:36 2023

Set parameter TokenServer to value "ensys3.service.tu-berlin.de"
Set parameter LogFile to value "gurobi.log"
Using license file /home/users/x/xiaowei_zhou/gurobi.lic

Gurobi 10.0.1 (linux64, gurobi_cl) logging started Fri May 12 16:07:39 2023


Gurobi 10.0.1 (linux64, gurobi_cl) logging started Fri May 12 16:07:39 2023

Set parameter TokenServer to value "ensys3.service.tu-berlin.de"
Set parameter TokenServer to value "ensys3.service.tu-berlin.de"
Set parameter LogFile to value "gurobi.log"
Set parameter LogFile to value "gurobi.log"

Gurobi 10.0.1 (linux64, gurobi_cl) logging started Fri May 12 16:07:39 2023


Gurobi 10.0.1 (linux64, gurobi_cl) logging started Fri May 12 16:07:39 2023


Gurobi 10.0.1 (linux64, gurobi_cl) logging started Fri May 12 16:07:39 2023


Gurobi 10.0.1 (linux64, gurobi_cl) logging started Fri May 12 16:07:39 2023

Set parameter TokenServer to value "ensys3.service.tu-berlin.de"
Set parameter TokenServer to value "ensys3.service.tu-berlin.de"
Set parameter TokenServer to value "ensys3.service.tu-berlin.de"
Set parameter LogFile to value "gurobi.log"
ervice.tu-berlin.de"
Set parameter LogFile to value "gurobi.log"
Set parameter LogFile to value "gurobi.log"
Set parameter LogFile to value "gurobi.log"
Using license file /home/users/x/xiaowei_zhou/gurobi.lic
Using license file /home/users/x/xiaowei_zhou/gurobi.lic
Using license file /home/users/x/xiaowei_zhou/gurobi.lic
Using license file /home/users/x/xiaowei_zhou/gurobi.lic
Using license file /home/users/x/xiaowei_zhou/gurobi.lic
Using license file /home/users/x/xiaowei_zhou/gurobi.lic

Gurobi 10.0.1 (linux64, gurobi_cl) logging started Fri May 12 16:07:39 2023

Set parameter TokenServer to value "ensys3.service.tu-berlin.de"
Set parameter LogFile to value "gurobi.log"
Using license file /home/users/x/xiaowei_zhou/gurobi.lic

Gurobi 10.0.1 (linux64, gurobi_cl) logging started Fri May 12 16:08:24 2023

Set parameter TokenServer to value "ensys3.service.tu-berlin.de"
Set parameter LogFile to value "gurobi.log"
Using license file /home/users/x/xiaowei_zhou/gurobi.lic

Gurobi 10.0.1 (linux64, gurobi_cl) logging started Fri May 12 16:08:41 2023

Set parameter TokenServer to value "ensys3.service.tu-berlin.de"
Set parameter LogFile to value "gurobi.log"
Using license file /home/users/x/xiaowei_zhou/gurobi.lic

Gurobi 10.0.1 (linux64, gurobi_cl) logging started Fri May 12 17:14:51 2023

Set parameter TokenServer to value "ensys3.service.tu-berlin.de"
Set parameter LogFile to value "gurobi.log"
Using license file /home/users/x/xiaowei_zhou/gurobi.lic

Gurobi 10.0.1 (linux64, gurobi_cl) logging started Fri May 12 17:15:20 2023

Set parameter TokenServer to value "ensys3.service.tu-berlin.de"
Set parameter LogFile to value "gurobi.log"
Using license file /home/users/x/xiaowei_zhou/gurobi.lic

Gurobi 10.0.1 (linux64, gurobi_cl) logging started Fri May 12 17:21:05 2023

Set parameter TokenServer to value "ensys3.service.tu-berlin.de"
Set parameter LogFile to value "gurobi.log"
Using license file /home/users/x/xiaowei_zhou/gurobi.lic

Gurobi 10.0.1 (linux64, gurobi_cl) logging started Fri May 12 17:21:35 2023

Set parameter TokenServer to value "ensys3.service.tu-berlin.de"
Set parameter LogFile to value "gurobi.log"
Using license file /home/users/x/xiaowei_zhou/gurobi.lic

Gurobi 10.0.1 (linux64, gurobi_cl) logging started Fri May 12 17:26:04 2023

Set parameter TokenServer to value "ensys3.service.tu-berlin.de"
Set parameter LogFile to value "gurobi.log"
Using license file /home/users/x/xiaowei_zhou/gurobi.lic

Gurobi 10.0.1 (linux64, gurobi_cl) logging started Fri May 12 17:26:34 2023

Set parameter TokenServer to value "ensys3.service.tu-berlin.de"
Set parameter LogFile to value "gurobi.log"
Using license file /home/users/x/xiaowei_zhou/gurobi.lic

Gurobi 10.0.1 (linux64, gurobi_cl) logging started Fri May 12 17:36:25 2023

Set parameter TokenServer to value "ensys3.service.tu-berlin.de"
Set parameter LogFile to value "gurobi.log"
Using license file /home/users/x/xiaowei_zhou/gurobi.lic

Gurobi 10.0.1 (linux64, gurobi_cl) logging started Fri May 12 17:36:55 2023

Set parameter TokenServer to value "ensys3.service.tu-berlin.de"
Set parameter LogFile to value "gurobi.log"
Using license file /home/users/x/xiaowei_zhou/gurobi.lic

Gurobi 10.0.1 (linux64, gurobi_cl) logging started Fri May 12 19:26:10 2023

Set parameter TokenServer to value "ensys3.service.tu-berlin.de"
Set parameter LogFile to value "gurobi.log"
Using license file /home/users/x/xiaowei_zhou/gurobi.lic

Gurobi 10.0.1 (linux64, gurobi_cl) logging started Fri May 12 19:26:41 2023

Set parameter TokenServer to value "ensys3.service.tu-berlin.de"
Set parameter LogFile to value "gurobi.log"
Using license file /home/users/x/xiaowei_zhou/gurobi.lic

Gurobi 10.0.1 (linux64, gurobi_cl) logging started Fri May 12 19:28:05 2023

Set parameter TokenServer to value "ensys3.service.tu-berlin.de"
Set parameter LogFile to value "gurobi.log"
Using license file /home/users/x/xiaowei_zhou/gurobi.lic

Gurobi 10.0.1 (linux64, gurobi_cl) logging started Fri May 12 19:28:35 2023

Set parameter TokenServer to value "ensys3.service.tu-berlin.de"
Set parameter LogFile to value "gurobi.log"
Using license file /home/users/x/xiaowei_zhou/gurobi.lic

Gurobi 10.0.1 (linux64, gurobi_cl) logging started Fri May 12 19:36:10 2023

Set parameter TokenServer to value "ensys3.service.tu-berlin.de"
Set parameter LogFile to value "gurobi.log"
Using license file /home/users/x/xiaowei_zhou/gurobi.lic

Gurobi 10.0.1 (linux64, gurobi_cl) logging started Fri May 12 19:36:41 2023

Set parameter TokenServer to value "ensys3.service.tu-berlin.de"
Set parameter LogFile to value "gurobi.log"
Using license file /home/users/x/xiaowei_zhou/gurobi.lic

Gurobi 10.0.1 (linux64, gurobi_cl) logging started Fri May 12 20:38:40 2023

Set parameter TokenServer to value "ensys3.service.tu-berlin.de"
Set parameter LogFile to value "gurobi.log"
Using license file /home/users/x/xiaowei_zhou/gurobi.lic

Gurobi 10.0.1 (linux64, gurobi_cl) logging started Fri May 12 20:39:56 2023

Set parameter TokenServer to value "ensys3.service.tu-berlin.de"
Set parameter LogFile to value "gurobi.log"
Using license file /home/users/x/xiaowei_zhou/gurobi.lic

Gurobi 10.0.1 (linux64, gurobi_cl) logging started Mon May 15 09:35:09 2023

Set parameter TokenServer to value "ensys3.service.tu-berlin.de"
Set parameter LogFile to value "gurobi.log"
Using license file /home/users/x/xiaowei_zhou/gurobi.lic

Gurobi 10.0.1 (linux64, gurobi_cl) logging started Mon May 15 09:35:23 2023

Set parameter TokenServer to value "ensys3.service.tu-berlin.de"
Set parameter LogFile to value "gurobi.log"
Using license file /home/users/x/xiaowei_zhou/gurobi.lic

Gurobi 10.0.1 (linux64, gurobi_cl) logging started Mon May 15 09:35:23 2023

Set parameter TokenServer to value "ensys3.service.tu-berlin.de"
Set parameter LogFile to value "gurobi.log"
Using license file /home/users/x/xiaowei_zhou/gurobi.lic

Gurobi 10.0.1 (linux64, gurobi_cl) logging started Mon May 15 09:35:43 2023

Set parameter TokenServer to value "ensys3.service.tu-berlin.de"
Set parameter LogFile to value "gurobi.log"
Using license file /home/users/x/xiaowei_zhou/gurobi.lic

Gurobi 10.0.1 (linux64, gurobi_cl) logging started Mon May 15 09:35:43 2023

Set parameter TokenServer to value "ensys3.service.tu-berlin.de"
Set parameter LogFile to value "gurobi.log"
Using license file /home/users/x/xiaowei_zhou/gurobi.lic

Gurobi 10.0.1 (linux64, gurobi_cl) logging started Mon May 15 09:35:47 2023

Set parameter TokenServer to value "ensys3.service.tu-berlin.de"
Set parameter LogFile to value "gurobi.log"
Using license file /home/users/x/xiaowei_zhou/gurobi.lic

Gurobi 10.0.1 (linux64, gurobi_cl) logging started Thu May 18 11:00:40 2023

Set parameter TokenServer to value "ensys3.service.tu-berlin.de"
Set parameter LogFile to value "gurobi.log"
Using license file /home/users/x/xiaowei_zhou/gurobi.lic

Gurobi 10.0.1 (linux64, gurobi_cl) logging started Thu May 18 11:02:48 2023

Set parameter TokenServer to value "ensys3.service.tu-berlin.de"
Set parameter LogFile to value "gurobi.log"
Using license file /home/users/x/xiaowei_zhou/gurobi.lic

Gurobi 10.0.1 (linux64, gurobi_cl) logging started Thu May 18 11:03:25 2023

Set parameter TokenServer to value "ensys3.service.tu-berlin.de"
Set parameter LogFile to value "gurobi.log"
Using license file /home/users/x/xiaowei_zhou/gurobi.lic

Gurobi 10.0.1 (linux64, gurobi_cl) logging started Thu May 18 11:05:10 2023

Set parameter TokenServer to value "ensys3.service.tu-berlin.de"
Set parameter LogFile to value "gurobi.log"
Using license file /home/users/x/xiaowei_zhou/gurobi.lic

Gurobi 10.0.1 (linux64, gurobi_cl) logging started Thu May 18 11:05:11 2023

Set parameter TokenServer to value "ensys3.service.tu-berlin.de"
Set parameter LogFile to value "gurobi.log"
Using license file /home/users/x/xiaowei_zhou/gurobi.lic

Gurobi 10.0.1 (linux64, gurobi_cl) logging started Thu May 18 11:05:57 2023

Set parameter TokenServer to value "ensys3.service.tu-berlin.de"
Set parameter LogFile to value "gurobi.log"
Using license file /home/users/x/xiaowei_zhou/gurobi.lic

Gurobi 10.0.1 (linux64, gurobi_cl) logging started Thu May 18 11:05:57 2023

Set parameter TokenServer to value "ensys3.service.tu-berlin.de"
Set parameter LogFile to value "gurobi.log"
Using license file /home/users/x/xiaowei_zhou/gurobi.lic

Gurobi 10.0.1 (linux64, gurobi_cl) logging started Thu May 18 11:06:35 2023


Gurobi 10.0.1 (linux64, gurobi_cl) logging started Thu May 18 11:06:35 2023

Set parameter TokenServer to value "ensys3.service.tu-berlin.de"
Set parameter LogFile to value "gurobi.log"
Set parameter TokenServer to value "ensys3.service.tu-berlin.de"
Set parameter LogFile to value "gurobi.log"
Using license file /home/users/x/xiaowei_zhou/gurobi.lic
Using license file /home/users/x/xiaowei_zhou/gurobi.lic

Gurobi 10.0.1 (linux64, gurobi_cl) logging started Thu May 18 11:06:37 2023


Gurobi 10.0.1 (linux64, gurobi_cl) logging started Thu May 18 11:06:37 2023

Set parameter TokenServer to value "ensys3.service.tu-berlin.de"
Set parameter LogFile to value "gurobi.log"
Set parameter TokenServer to value "ensys3.service.tu-berlin.de"
Set parameter LogFile to value "gurobi.log"
Using license file /home/users/x/xiaowei_zhou/gurobi.lic
Using license file /home/users/x/xiaowei_zhou/gurobi.lic

Gurobi 10.0.1 (linux64, gurobi_cl) logging started Thu May 18 11:06:37 2023


Gurobi 10.0.1 (linux64, gurobi_cl) logging started Thu May 18 11:06:37 2023

Set parameter TokenServer to value "ensys3.service.tu-berlin.de"
Set parameter LogFile to value "gurobi.log"
Set parameter TokenServer to value "ensys3.service.tu-berlin.de"
Set parameter LogFile to value "gurobi.log"

Gurobi 10.0.1 (linux64, gurobi_cl) logging started Thu May 18 11:06:37 2023

Set parameter TokenServer to value "ensys3.service.tu-berlin.de"
Using license file /home/users/x/xiaowei_zhou/gurobi.lic
Set parameter LogFile to value "gurobi.log"
Using license file /home/users/x/xiaowei_zhou/gurobi.lic
Using license file /home/users/x/xiaowei_zhou/gurobi.lic

Gurobi 10.0.1 (linux64, gurobi_cl) logging started Thu May 18 11:06:37 2023

Set parameter TokenServer to value "ensys3.service.tu-berlin.de"
Set parameter LogFile to value "gurobi.log"
Using license file /home/users/x/xiaowei_zhou/gurobi.lic

Gurobi 10.0.1 (linux64, gurobi_cl) logging started Thu May 18 11:06:38 2023

Set parameter TokenServer to value "ensys3.service.tu-berlin.de"
Set parameter LogFile to value "gurobi.log"
Using license file /home/users/x/xiaowei_zhou/gurobi.lic

Gurobi 10.0.1 (linux64, gurobi_cl) logging started Thu May 18 11:08:15 2023

Set parameter TokenServer to value "ensys3.service.tu-berlin.de"
Set parameter LogFile to value "gurobi.log"
Using license file /home/users/x/xiaowei_zhou/gurobi.lic

Gurobi 10.0.1 (linux64, gurobi_cl) logging started Thu May 18 11:08:15 2023

Set parameter TokenServer to value "ensys3.service.tu-berlin.de"
Set parameter LogFile to value "gurobi.log"
Using license file /home/users/x/xiaowei_zhou/gurobi.lic

Gurobi 10.0.1 (linux64, gurobi_cl) logging started Thu May 18 11:09:23 2023

Set parameter TokenServer to value "ensys3.service.tu-berlin.de"
Set parameter LogFile to value "gurobi.log"
Using license file /home/users/x/xiaowei_zhou/gurobi.lic

Gurobi 10.0.1 (linux64, gurobi_cl) logging started Thu May 18 11:09:42 2023

Set parameter TokenServer to value "ensys3.service.tu-berlin.de"
Set parameter LogFile to value "gurobi.log"
Using license file /home/users/x/xiaowei_zhou/gurobi.lic

Gurobi 10.0.1 (linux64, gurobi_cl) logging started Thu May 18 11:09:42 2023

Set parameter TokenServer to value "ensys3.service.tu-berlin.de"
Set parameter LogFile to value "gurobi.log"
Using license file /home/users/x/xiaowei_zhou/gurobi.lic

Gurobi 10.0.1 (linux64, gurobi_cl) logging started Thu May 18 11:10:22 2023

Set parameter TokenServer to value "ensys3.service.tu-berlin.de"
Set parameter LogFile to value "gurobi.log"
Using license file /home/users/x/xiaowei_zhou/gurobi.lic

Gurobi 10.0.1 (linux64, gurobi_cl) logging started Thu May 18 11:10:25 2023


Gurobi 10.0.1 (linux64, gurobi_cl) logging started Thu May 18 11:10:25 2023


Gurobi 10.0.1 (linux64, gurobi_cl) logging started Thu May 18 11:10:25 2023


Gurobi 10.0.1 (linux64, gurobi_cl) logging started Thu May 18 11:10:25 2023


Gurobi 10.0.1 (linux64, gurobi_cl) logging started Thu May 18 11:10:25 2023


Gurobi 10.0.1 (linux64, gurobi_cl) logging started Thu May 18 11:10:25 2023

Set parameter TokenServer to value "ensys3.service.tu-berlin.de"
Set parameter TokenServer to value "ensys3.service.tu-berlin.de"
Set parameter TokenServer to value "ensys3.service.tu-berlin.de"
Set parameter LogFile to value "gurobi.log"
Set parameter LogFile to value "gurobi.log"
Set parameter LogFile to value "gurobi.log"
Set parameter TokenServer to value "ensys3.service.tu-berlin.de"
Set parameter LogFile to value "gurobi.log"
Set parameter TokenServer to value "ensys3.service.tu-berlin.de"
Set parameter TokenServer to value "ensys3.service.tu-berlin.de"
Set parameter LogFile to value "gurobi.log"
Set parameter LogFile to value "gurobi.log"
Using license file /home/users/x/xiaowei_zhou/gurobi.lic
Using license file /home/users/x/xiaowei_zhou/gurobi.lic
Using license file /home/users/x/xiaowei_zhou/gurobi.lic
Using license file /home/users/x/xiaowei_zhou/gurobi.lic
Using license file /home/users/x/xiaowei_zhou/gurobi.lic
Using license file /home/users/x/xiaowei_zhou/gurobi.lic
Using license file /home/users/x/xiaowei_zhou/gurobi.lic

Gurobi 10.0.1 (linux64, gurobi_cl) logging started Thu May 18 11:10:25 2023

Set parameter TokenServer to value "ensys3.service.tu-berlin.de"
Set parameter LogFile to value "gurobi.log"
Using license file /home/users/x/xiaowei_zhou/gurobi.lic

Gurobi 10.0.1 (linux64, gurobi_cl) logging started Thu May 18 11:12:30 2023

Set parameter TokenServer to value "ensys3.service.tu-berlin.de"
Set parameter LogFile to value "gurobi.log"
Using license file /home/users/x/xiaowei_zhou/gurobi.lic

Gurobi 10.0.1 (linux64, gurobi_cl) logging started Thu May 18 11:12:31 2023

Set parameter TokenServer to value "ensys3.service.tu-berlin.de"
Set parameter LogFile to value "gurobi.log"
Using license file /home/users/x/xiaowei_zhou/gurobi.lic

Gurobi 10.0.1 (linux64, gurobi_cl) logging started Thu May 18 11:13:13 2023


Gurobi 10.0.1 (linux64, gurobi_cl) logging started Thu May 18 11:13:13 2023

Set parameter TokenServer to value "ensys3.service.tu-berlin.de"
Set parameter LogFile to value "gurobi.log"
Set parameter TokenServer to value "ensys3.service.tu-berlin.de"
Set parameter LogFile to value "gurobi.log"
Using license file /home/users/x/xiaowei_zhou/gurobi.lic
Using license file /home/users/x/xiaowei_zhou/gurobi.lic

Gurobi 10.0.1 (linux64, gurobi_cl) logging started Thu May 18 11:13:13 2023

Set parameter TokenServer to value "ensys3.service.tu-berlin.de"
Set parameter LogFile to value "gurobi.log"

Gurobi 10.0.1 (linux64, gurobi_cl) logging started Thu May 18 11:13:13 2023

Set parameter TokenServer to value "ensys3.service.tu-berlin.de"
Set parameter LogFile to value "gurobi.log"
Using license file /home/users/x/xiaowei_zhou/gurobi.lic

Gurobi 10.0.1 (linux64, gurobi_cl) logging started Thu May 18 11:13:13 2023

Using license file /home/users/x/xiaowei_zhou/gurobi.lic
Set parameter TokenServer to value "ensys3.service.tu-berlin.de"
Set parameter LogFile to value "gurobi.log"
Using license file /home/users/x/xiaowei_zhou/gurobi.lic

Gurobi 10.0.1 (linux64, gurobi_cl) logging started Thu May 18 11:13:14 2023

Set parameter TokenServer to value "ensys3.service.tu-berlin.de"
Set parameter LogFile to value "gurobi.log"
Using license file /home/users/x/xiaowei_zhou/gurobi.lic

Gurobi 10.0.1 (linux64, gurobi_cl) logging started Thu May 18 11:13:17 2023


Gurobi 10.0.1 (linux64, gurobi_cl) logging started Thu May 18 11:13:17 2023

Set parameter TokenServer to value "ensys3.service.tu-berlin.de"
Set parameter LogFile to value "gurobi.log"
Set parameter TokenServer to value "ensys3.service.tu-berlin.de"
Set parameter LogFile to value "gurobi.log"
Using license file /home/users/x/xiaowei_zhou/gurobi.lic
Using license file /home/users/x/xiaowei_zhou/gurobi.lic

Gurobi 10.0.1 (linux64, gurobi_cl) logging started Thu May 18 11:13:17 2023

Set parameter TokenServer to value "ensys3.service.tu-berlin.de"
Set parameter LogFile to value "gurobi.log"
Using license file /home/users/x/xiaowei_zhou/gurobi.lic

Gurobi 10.0.1 (linux64, gurobi_cl) logging started Thu May 18 11:13:25 2023

Set parameter TokenServer to value "ensys3.service.tu-berlin.de"
Set parameter LogFile to value "gurobi.log"
Using license file /home/users/x/xiaowei_zhou/gurobi.lic

Gurobi 10.0.1 (linux64, gurobi_cl) logging started Thu May 18 11:16:21 2023

Set parameter TokenServer to value "ensys3.service.tu-berlin.de"
Set parameter LogFile to value "gurobi.log"
Using license file /home/users/x/xiaowei_zhou/gurobi.lic

Gurobi 10.0.1 (linux64, gurobi_cl) logging started Thu May 18 11:16:34 2023

Set parameter TokenServer to value "ensys3.service.tu-berlin.de"
Set parameter LogFile to value "gurobi.log"
Using license file /home/users/x/xiaowei_zhou/gurobi.lic

Gurobi 10.0.1 (linux64, gurobi_cl) logging started Thu May 18 11:16:35 2023

Set parameter TokenServer to value "ensys3.service.tu-berlin.de"
Set parameter LogFile to value "gurobi.log"
Using license file /home/users/x/xiaowei_zhou/gurobi.lic

Gurobi 10.0.1 (linux64, gurobi_cl) logging started Thu May 18 11:17:11 2023

Set parameter TokenServer to value "ensys3.service.tu-berlin.de"
Set parameter LogFile to value "gurobi.log"
Using license file /home/users/x/xiaowei_zhou/gurobi.lic

Gurobi 10.0.1 (linux64, gurobi_cl) logging started Thu May 18 11:17:16 2023


Gurobi 10.0.1 (linux64, gurobi_cl) logging started Thu May 18 11:17:16 2023

Set parameter TokenServer to value "ensys3.service.tu-berlin.de"
Set parameter TokenServer to value "ensys3.service.tu-berlin.de"
Set parameter LogFile to value "gurobi.log"
Set parameter LogFile to value "gurobi.log"
Using license file /home/users/x/xiaowei_zhou/gurobi.lic
Using license file /home/users/x/xiaowei_zhou/gurobi.lic

Gurobi 10.0.1 (linux64, gurobi_cl) logging started Thu May 18 11:17:20 2023


Gurobi 10.0.1 (linux64, gurobi_cl) logging started Thu May 18 11:17:20 2023

Set parameter TokenServer to value "ensys3.service.tu-berlin.de"
Set parameter TokenServer to value "ensys3.service.tu-berlin.de"
Set parameter LogFile to value "gurobi.log"
Set parameter LogFile to value "gurobi.log"

Gurobi 10.0.1 (linux64, gurobi_cl) logging started Thu May 18 11:17:20 2023


Gurobi 10.0.1 (linux64, gurobi_cl) logging started Thu May 18 11:17:20 2023

Set parameter TokenServer to value "ensys3.service.tu-berlin.de"
Set parameter TokenServer to value "ensys3.service.tu-berlin.de"
Set parameter LogFile to value "gurobi.log"
Set parameter LogFile to value "gurobi.log"
Using license file /home/users/x/xiaowei_zhou/gurobi.lic
Using license file /home/users/x/xiaowei_zhou/gurobi.lic
Using license file /home/users/x/xiaowei_zhou/gurobi.lic
Using license file /home/users/x/xiaowei_zhou/gurobi.lic

Gurobi 10.0.1 (linux64, gurobi_cl) logging started Thu May 18 11:17:20 2023


Gurobi 10.0.1 (linux64, gurobi_cl) logging started Thu May 18 11:17:20 2023


Gurobi 10.0.1 (linux64, gurobi_cl) logging started Thu May 18 11:17:20 2023

Set parameter TokenServer to value "ensys3.service.tu-berlin.de"
Set parameter TokenServer to value "ensys3.service.tu-berlin.de"
Set parameter LogFile to value "gurobi.log"
Set parameter LogFile to value "gurobi.log"
Set parameter TokenServer to value "ensys3.service.tu-berlin.de"
Set parameter LogFile to value "gurobi.log"
Using license file /home/users/x/xiaowei_zhou/gurobi.lic
Using license file /home/users/x/xiaowei_zhou/gurobi.lic
Using license file /home/users/x/xiaowei_zhou/gurobi.lic

Gurobi 10.0.1 (linux64, gurobi_cl) logging started Thu May 18 11:19:56 2023

Set parameter TokenServer to value "ensys3.service.tu-berlin.de"
Set parameter LogFile to value "gurobi.log"
Using license file /home/users/x/xiaowei_zhou/gurobi.lic

Gurobi 10.0.1 (linux64, gurobi_cl) logging started Thu May 18 11:20:00 2023

Set parameter TokenServer to value "ensys3.service.tu-berlin.de"
Set parameter LogFile to value "gurobi.log"
Using license file /home/users/x/xiaowei_zhou/gurobi.lic

Gurobi 10.0.1 (linux64, gurobi_cl) logging started Thu May 18 11:21:19 2023

Set parameter TokenServer to value "ensys3.service.tu-berlin.de"
Set parameter LogFile to value "gurobi.log"
Using license file /home/users/x/xiaowei_zhou/gurobi.lic

Gurobi 10.0.1 (linux64, gurobi_cl) logging started Thu May 18 11:21:19 2023

Set parameter TokenServer to value "ensys3.service.tu-berlin.de"
Set parameter LogFile to value "gurobi.log"
Using license file /home/users/x/xiaowei_zhou/gurobi.lic

Gurobi 10.0.1 (linux64, gurobi_cl) logging started Thu May 18 11:22:05 2023

Set parameter TokenServer to value "ensys3.service.tu-berlin.de"
Set parameter LogFile to value "gurobi.log"
Using license file /home/users/x/xiaowei_zhou/gurobi.lic

Gurobi 10.0.1 (linux64, gurobi_cl) logging started Thu May 18 11:22:06 2023

Set parameter TokenServer to value "ensys3.service.tu-berlin.de"
Set parameter LogFile to value "gurobi.log"
Using license file /home/users/x/xiaowei_zhou/gurobi.lic

Gurobi 10.0.1 (linux64, gurobi_cl) logging started Thu May 18 11:22:46 2023


Gurobi 10.0.1 (linux64, gurobi_cl) logging started Thu May 18 11:22:46 2023

Set parameter TokenServer to value "ensys3.service.tu-berlin.de"
Set parameter TokenServer to value "ensys3.service.tu-berlin.de"
Set parameter LogFile to value "gurobi.log"
Set parameter LogFile to value "gurobi.log"
Using license file /home/users/x/xiaowei_zhou/gurobi.lic
Using license file /home/users/x/xiaowei_zhou/gurobi.lic

Gurobi 10.0.1 (linux64, gurobi_cl) logging started Thu May 18 11:22:47 2023

Set parameter TokenServer to value "ensys3.service.tu-berlin.de"
Set parameter LogFile to value "gurobi.log"
Using license file /home/users/x/xiaowei_zhou/gurobi.lic

Gurobi 10.0.1 (linux64, gurobi_cl) logging started Thu May 18 11:22:48 2023


Gurobi 10.0.1 (linux64, gurobi_cl) logging started Thu May 18 11:22:48 2023


Gurobi 10.0.1 (linux64, gurobi_cl) logging started Thu May 18 11:22:48 2023

Set parameter TokenServer to value "ensys3.service.tu-berlin.de"
Set parameter TokenServer to value "ensys3.service.tu-berlin.de"
Set parameter LogFile to value "gurobi.log"
Set parameter LogFile to value "gurobi.log"
Set parameter TokenServer to value "ensys3.service.tu-berlin.de"
Set parameter LogFile to value "gurobi.log"
Using license file /home/users/x/xiaowei_zhou/gurobi.lic
Using license file /home/users/x/xiaowei_zhou/gurobi.lic
Using license file /home/users/x/xiaowei_zhou/gurobi.lic

Gurobi 10.0.1 (linux64, gurobi_cl) logging started Thu May 18 11:22:49 2023


Gurobi 10.0.1 (linux64, gurobi_cl) logging started Thu May 18 11:22:49 2023

Set parameter TokenServer to value "ensys3.service.tu-berlin.de"
Set parameter TokenServer to value "ensys3.service.tu-berlin.de"
Set parameter LogFile to value "gurobi.log"
Set parameter LogFile to value "gurobi.log"
Using license file /home/users/x/xiaowei_zhou/gurobi.lic
Using license file /home/users/x/xiaowei_zhou/gurobi.lic

Gurobi 10.0.1 (linux64, gurobi_cl) logging started Thu May 18 11:22:49 2023

Set parameter TokenServer to value "ensys3.service.tu-berlin.de"
Set parameter LogFile to value "gurobi.log"
Using license file /home/users/x/xiaowei_zhou/gurobi.lic

Gurobi 10.0.1 (linux64, gurobi_cl) logging started Thu May 18 11:22:52 2023

Set parameter TokenServer to value "ensys3.service.tu-berlin.de"
Set parameter LogFile to value "gurobi.log"
Using license file /home/users/x/xiaowei_zhou/gurobi.lic

Gurobi 10.0.1 (linux64, gurobi_cl) logging started Thu May 18 11:23:46 2023

Set parameter TokenServer to value "ensys3.service.tu-berlin.de"
Set parameter LogFile to value "gurobi.log"
Using license file /home/users/x/xiaowei_zhou/gurobi.lic

Gurobi 10.0.1 (linux64, gurobi_cl) logging started Thu May 18 11:26:22 2023

Set parameter TokenServer to value "ensys3.service.tu-berlin.de"
Set parameter LogFile to value "gurobi.log"
Using license file /home/users/x/xiaowei_zhou/gurobi.lic

Gurobi 10.0.1 (linux64, gurobi_cl) logging started Thu May 18 11:28:57 2023

Set parameter TokenServer to value "ensys3.service.tu-berlin.de"
Set parameter LogFile to value "gurobi.log"
Using license file /home/users/x/xiaowei_zhou/gurobi.lic

Gurobi 10.0.1 (linux64, gurobi_cl) logging started Thu May 18 11:31:32 2023

Set parameter TokenServer to value "ensys3.service.tu-berlin.de"
Set parameter LogFile to value "gurobi.log"
Using license file /home/users/x/xiaowei_zhou/gurobi.lic

Gurobi 10.0.1 (linux64, gurobi_cl) logging started Thu May 18 12:40:20 2023

Set parameter TokenServer to value "ensys3.service.tu-berlin.de"
Set parameter LogFile to value "gurobi.log"
Using license file /home/users/x/xiaowei_zhou/gurobi.lic

Gurobi 10.0.1 (linux64, gurobi_cl) logging started Thu May 18 12:42:51 2023

Set parameter TokenServer to value "ensys3.service.tu-berlin.de"
Set parameter LogFile to value "gurobi.log"
Using license file /home/users/x/xiaowei_zhou/gurobi.lic

Gurobi 10.0.1 (linux64, gurobi_cl) logging started Thu May 18 12:54:31 2023

Set parameter TokenServer to value "ensys3.service.tu-berlin.de"
Set parameter LogFile to value "gurobi.log"
Using license file /home/users/x/xiaowei_zhou/gurobi.lic

Gurobi 10.0.1 (linux64, gurobi_cl) logging started Thu May 18 12:57:01 2023

Set parameter TokenServer to value "ensys3.service.tu-berlin.de"
Set parameter LogFile to value "gurobi.log"
Using license file /home/users/x/xiaowei_zhou/gurobi.lic

Gurobi 10.0.1 (linux64, gurobi_cl) logging started Thu May 18 13:02:10 2023

Set parameter TokenServer to value "ensys3.service.tu-berlin.de"
Set parameter LogFile to value "gurobi.log"
Using license file /home/users/x/xiaowei_zhou/gurobi.lic

Gurobi 10.0.1 (linux64, gurobi_cl) logging started Thu May 18 13:04:41 2023

Set parameter TokenServer to value "ensys3.service.tu-berlin.de"
Set parameter LogFile to value "gurobi.log"
Using license file /home/users/x/xiaowei_zhou/gurobi.lic

Gurobi 10.0.1 (linux64, gurobi_cl) logging started Thu May 18 13:07:23 2023

Set parameter TokenServer to value "ensys3.service.tu-berlin.de"
Set parameter LogFile to value "gurobi.log"
Using license file /home/users/x/xiaowei_zhou/gurobi.lic

Gurobi 10.0.1 (linux64, gurobi_cl) logging started Thu May 18 13:09:54 2023

Set parameter TokenServer to value "ensys3.service.tu-berlin.de"
Set parameter LogFile to value "gurobi.log"
Using license file /home/users/x/xiaowei_zhou/gurobi.lic

Gurobi 10.0.1 (linux64, gurobi_cl) logging started Thu May 18 13:10:56 2023

Set parameter TokenServer to value "ensys3.service.tu-berlin.de"
Set parameter LogFile to value "gurobi.log"
Using license file /home/users/x/xiaowei_zhou/gurobi.lic

Gurobi 10.0.1 (linux64, gurobi_cl) logging started Thu May 18 13:13:39 2023

Set parameter TokenServer to value "ensys3.service.tu-berlin.de"
Set parameter LogFile to value "gurobi.log"
Using license file /home/users/x/xiaowei_zhou/gurobi.lic

Gurobi 10.0.1 (linux64, gurobi_cl) logging started Thu May 18 14:43:14 2023

Set parameter TokenServer to value "ensys3.service.tu-berlin.de"
Set parameter LogFile to value "gurobi.log"
Using license file /home/users/x/xiaowei_zhou/gurobi.lic

Gurobi 10.0.1 (linux64, gurobi_cl) logging started Thu May 18 14:45:48 2023

Set parameter TokenServer to value "ensys3.service.tu-berlin.de"
Set parameter LogFile to value "gurobi.log"
Using license file /home/users/x/xiaowei_zhou/gurobi.lic

Gurobi 10.0.1 (linux64, gurobi_cl) logging started Thu May 18 15:19:39 2023

Set parameter TokenServer to value "ensys3.service.tu-berlin.de"
Set parameter LogFile to value "gurobi.log"
Using license file /home/users/x/xiaowei_zhou/gurobi.lic

Gurobi 10.0.1 (linux64, gurobi_cl) logging started Thu May 18 15:22:03 2023

Set parameter TokenServer to value "ensys3.service.tu-berlin.de"
Set parameter LogFile to value "gurobi.log"
Using license file /home/users/x/xiaowei_zhou/gurobi.lic

Gurobi 10.0.1 (linux64, gurobi_cl) logging started Thu May 18 15:24:02 2023

Set parameter TokenServer to value "ensys3.service.tu-berlin.de"
Set parameter LogFile to value "gurobi.log"
Using license file /home/users/x/xiaowei_zhou/gurobi.lic

Gurobi 10.0.1 (linux64, gurobi_cl) logging started Thu May 18 15:24:53 2023

Set parameter TokenServer to value "ensys3.service.tu-berlin.de"
Set parameter LogFile to value "gurobi.log"
Using license file /home/users/x/xiaowei_zhou/gurobi.lic

Gurobi 10.0.1 (linux64, gurobi_cl) logging started Thu May 18 15:26:31 2023

Set parameter TokenServer to value "ensys3.service.tu-berlin.de"
Set parameter LogFile to value "gurobi.log"
Using license file /home/users/x/xiaowei_zhou/gurobi.lic

Gurobi 10.0.1 (linux64, gurobi_cl) logging started Thu May 18 15:27:25 2023

Set parameter TokenServer to value "ensys3.service.tu-berlin.de"
Set parameter LogFile to value "gurobi.log"
Using license file /home/users/x/xiaowei_zhou/gurobi.lic

Gurobi 10.0.1 (linux64, gurobi_cl) logging started Thu May 18 15:29:10 2023

Set parameter TokenServer to value "ensys3.service.tu-berlin.de"
Set parameter LogFile to value "gurobi.log"
Using license file /home/users/x/xiaowei_zhou/gurobi.lic

Gurobi 10.0.1 (linux64, gurobi_cl) logging started Thu May 18 15:31:39 2023

Set parameter TokenServer to value "ensys3.service.tu-berlin.de"
Set parameter LogFile to value "gurobi.log"
Using license file /home/users/x/xiaowei_zhou/gurobi.lic

Gurobi 10.0.1 (linux64, gurobi_cl) logging started Thu May 18 16:38:30 2023

Set parameter TokenServer to value "ensys3.service.tu-berlin.de"
Set parameter LogFile to value "gurobi.log"
Using license file /home/users/x/xiaowei_zhou/gurobi.lic

Gurobi 10.0.1 (linux64, gurobi_cl) logging started Thu May 18 16:39:00 2023

Set parameter TokenServer to value "ensys3.service.tu-berlin.de"
Set parameter LogFile to value "gurobi.log"
Using license file /home/users/x/xiaowei_zhou/gurobi.lic

Gurobi 10.0.1 (linux64, gurobi_cl) logging started Thu May 18 17:32:32 2023

Set parameter TokenServer to value "ensys3.service.tu-berlin.de"
Set parameter LogFile to value "gurobi.log"
Using license file /home/users/x/xiaowei_zhou/gurobi.lic

Gurobi 10.0.1 (linux64, gurobi_cl) logging started Thu May 18 17:33:02 2023

Set parameter TokenServer to value "ensys3.service.tu-berlin.de"
Set parameter LogFile to value "gurobi.log"
Using license file /home/users/x/xiaowei_zhou/gurobi.lic

Gurobi 10.0.1 (linux64, gurobi_cl) logging started Thu May 18 17:33:22 2023

Set parameter TokenServer to value "ensys3.service.tu-berlin.de"
Set parameter LogFile to value "gurobi.log"
Using license file /home/users/x/xiaowei_zhou/gurobi.lic

Gurobi 10.0.1 (linux64, gurobi_cl) logging started Thu May 18 17:33:52 2023

Set parameter TokenServer to value "ensys3.service.tu-berlin.de"
Set parameter LogFile to value "gurobi.log"
Using license file /home/users/x/xiaowei_zhou/gurobi.lic

Gurobi 10.0.1 (linux64, gurobi_cl) logging started Thu May 18 17:42:39 2023

Set parameter TokenServer to value "ensys3.service.tu-berlin.de"
Set parameter LogFile to value "gurobi.log"
Using license file /home/users/x/xiaowei_zhou/gurobi.lic

Gurobi 10.0.1 (linux64, gurobi_cl) logging started Thu May 18 17:43:09 2023

Set parameter TokenServer to value "ensys3.service.tu-berlin.de"
Set parameter LogFile to value "gurobi.log"
Using license file /home/users/x/xiaowei_zhou/gurobi.lic

Gurobi 10.0.1 (linux64, gurobi_cl) logging started Thu May 18 17:53:27 2023

Set parameter TokenServer to value "ensys3.service.tu-berlin.de"
Set parameter LogFile to value "gurobi.log"
Using license file /home/users/x/xiaowei_zhou/gurobi.lic

Gurobi 10.0.1 (linux64, gurobi_cl) logging started Thu May 18 17:53:55 2023

Set parameter TokenServer to value "ensys3.service.tu-berlin.de"
Set parameter LogFile to value "gurobi.log"
Using license file /home/users/x/xiaowei_zhou/gurobi.lic

Gurobi 10.0.1 (linux64, gurobi_cl) logging started Thu May 18 18:37:44 2023

Set parameter TokenServer to value "ensys3.service.tu-berlin.de"
Set parameter LogFile to value "gurobi.log"
Using license file /home/users/x/xiaowei_zhou/gurobi.lic

Gurobi 10.0.1 (linux64, gurobi_cl) logging started Thu May 18 18:38:15 2023

Set parameter TokenServer to value "ensys3.service.tu-berlin.de"
Set parameter LogFile to value "gurobi.log"
Using license file /home/users/x/xiaowei_zhou/gurobi.lic

Gurobi 10.0.1 (linux64, gurobi_cl) logging started Thu May 18 19:52:49 2023

Set parameter TokenServer to value "ensys3.service.tu-berlin.de"
Set parameter LogFile to value "gurobi.log"
Using license file /home/users/x/xiaowei_zhou/gurobi.lic

Gurobi 10.0.1 (linux64, gurobi_cl) logging started Thu May 18 19:53:18 2023

Set parameter TokenServer to value "ensys3.service.tu-berlin.de"
Set parameter LogFile to value "gurobi.log"
Using license file /home/users/x/xiaowei_zhou/gurobi.lic

Gurobi 10.0.1 (linux64, gurobi_cl) logging started Thu May 18 19:58:05 2023

Set parameter TokenServer to value "ensys3.service.tu-berlin.de"
Set parameter LogFile to value "gurobi.log"
Using license file /home/users/x/xiaowei_zhou/gurobi.lic

Gurobi 10.0.1 (linux64, gurobi_cl) logging started Thu May 18 19:58:34 2023

Set parameter TokenServer to value "ensys3.service.tu-berlin.de"
Set parameter LogFile to value "gurobi.log"
Using license file /home/users/x/xiaowei_zhou/gurobi.lic

Gurobi 10.0.1 (linux64, gurobi_cl) logging started Thu May 18 19:58:48 2023

Set parameter TokenServer to value "ensys3.service.tu-berlin.de"
Set parameter LogFile to value "gurobi.log"
Using license file /home/users/x/xiaowei_zhou/gurobi.lic

Gurobi 10.0.1 (linux64, gurobi_cl) logging started Thu May 18 19:59:19 2023

Set parameter TokenServer to value "ensys3.service.tu-berlin.de"
Set parameter LogFile to value "gurobi.log"
Using license file /home/users/x/xiaowei_zhou/gurobi.lic

Gurobi 10.0.1 (linux64, gurobi_cl) logging started Thu May 18 20:06:30 2023

Set parameter TokenServer to value "ensys3.service.tu-berlin.de"
Set parameter LogFile to value "gurobi.log"
Using license file /home/users/x/xiaowei_zhou/gurobi.lic

Gurobi 10.0.1 (linux64, gurobi_cl) logging started Thu May 18 20:07:00 2023

Set parameter TokenServer to value "ensys3.service.tu-berlin.de"
Set parameter LogFile to value "gurobi.log"
Using license file /home/users/x/xiaowei_zhou/gurobi.lic

Gurobi 10.0.1 (linux64, gurobi_cl) logging started Thu May 18 20:55:10 2023

Set parameter TokenServer to value "ensys3.service.tu-berlin.de"
Set parameter LogFile to value "gurobi.log"
Using license file /home/users/x/xiaowei_zhou/gurobi.lic

Gurobi 10.0.1 (linux64, gurobi_cl) logging started Thu May 18 20:55:40 2023

Set parameter TokenServer to value "ensys3.service.tu-berlin.de"
Set parameter LogFile to value "gurobi.log"
Using license file /home/users/x/xiaowei_zhou/gurobi.lic

Gurobi 10.0.1 (linux64, gurobi_cl) logging started Thu May 18 22:21:23 2023

Set parameter TokenServer to value "ensys3.service.tu-berlin.de"
Set parameter LogFile to value "gurobi.log"
Using license file /home/users/x/xiaowei_zhou/gurobi.lic

Gurobi 10.0.1 (linux64, gurobi_cl) logging started Thu May 18 22:21:44 2023

Set parameter TokenServer to value "ensys3.service.tu-berlin.de"
Set parameter LogFile to value "gurobi.log"
Using license file /home/users/x/xiaowei_zhou/gurobi.lic

Gurobi 10.0.1 (linux64, gurobi_cl) logging started Thu May 18 22:28:44 2023

Set parameter TokenServer to value "ensys3.service.tu-berlin.de"
Set parameter LogFile to value "gurobi.log"
Using license file /home/users/x/xiaowei_zhou/gurobi.lic

Gurobi 10.0.1 (linux64, gurobi_cl) logging started Thu May 18 22:29:14 2023

Set parameter TokenServer to value "ensys3.service.tu-berlin.de"
Set parameter LogFile to value "gurobi.log"
Using license file /home/users/x/xiaowei_zhou/gurobi.lic

Gurobi 10.0.1 (linux64, gurobi_cl) logging started Thu May 18 22:29:21 2023

Set parameter TokenServer to value "ensys3.service.tu-berlin.de"
Set parameter LogFile to value "gurobi.log"
Using license file /home/users/x/xiaowei_zhou/gurobi.lic

Gurobi 10.0.1 (linux64, gurobi_cl) logging started Thu May 18 22:29:51 2023

Set parameter TokenServer to value "ensys3.service.tu-berlin.de"
Set parameter LogFile to value "gurobi.log"
Using license file /home/users/x/xiaowei_zhou/gurobi.lic

Gurobi 10.0.1 (linux64, gurobi_cl) logging started Thu May 18 22:34:47 2023

Set parameter TokenServer to value "ensys3.service.tu-berlin.de"
Set parameter LogFile to value "gurobi.log"
Using license file /home/users/x/xiaowei_zhou/gurobi.lic

Gurobi 10.0.1 (linux64, gurobi_cl) logging started Thu May 18 22:35:17 2023

Set parameter TokenServer to value "ensys3.service.tu-berlin.de"
Set parameter LogFile to value "gurobi.log"
Using license file /home/users/x/xiaowei_zhou/gurobi.lic

Gurobi 10.0.1 (linux64, gurobi_cl) logging started Thu May 18 22:54:36 2023

Set parameter TokenServer to value "ensys3.service.tu-berlin.de"
Set parameter LogFile to value "gurobi.log"
Using license file /home/users/x/xiaowei_zhou/gurobi.lic

Gurobi 10.0.1 (linux64, gurobi_cl) logging started Thu May 18 22:55:06 2023

Set parameter TokenServer to value "ensys3.service.tu-berlin.de"
Set parameter LogFile to value "gurobi.log"
Using license file /home/users/x/xiaowei_zhou/gurobi.lic

Gurobi 10.0.1 (linux64, gurobi_cl) logging started Fri May 19 00:49:39 2023

Set parameter TokenServer to value "ensys3.service.tu-berlin.de"
Set parameter LogFile to value "gurobi.log"
Using license file /home/users/x/xiaowei_zhou/gurobi.lic

Gurobi 10.0.1 (linux64, gurobi_cl) logging started Fri May 19 00:50:08 2023

Set parameter TokenServer to value "ensys3.service.tu-berlin.de"
Set parameter LogFile to value "gurobi.log"
Using license file /home/users/x/xiaowei_zhou/gurobi.lic

Gurobi 10.0.1 (linux64, gurobi_cl) logging started Fri May 19 00:56:37 2023

Set parameter TokenServer to value "ensys3.service.tu-berlin.de"
Set parameter LogFile to value "gurobi.log"
Using license file /home/users/x/xiaowei_zhou/gurobi.lic

Gurobi 10.0.1 (linux64, gurobi_cl) logging started Fri May 19 00:57:07 2023

Set parameter TokenServer to value "ensys3.service.tu-berlin.de"
Set parameter LogFile to value "gurobi.log"
Using license file /home/users/x/xiaowei_zhou/gurobi.lic

Gurobi 10.0.1 (linux64, gurobi_cl) logging started Fri May 19 01:09:09 2023

Set parameter TokenServer to value "ensys3.service.tu-berlin.de"
Set parameter LogFile to value "gurobi.log"
Using license file /home/users/x/xiaowei_zhou/gurobi.lic

Gurobi 10.0.1 (linux64, gurobi_cl) logging started Fri May 19 01:09:39 2023

Set parameter TokenServer to value "ensys3.service.tu-berlin.de"
Set parameter LogFile to value "gurobi.log"
Using license file /home/users/x/xiaowei_zhou/gurobi.lic

Gurobi 10.0.1 (linux64, gurobi_cl) logging started Fri May 19 01:20:12 2023

Set parameter TokenServer to value "ensys3.service.tu-berlin.de"
Set parameter LogFile to value "gurobi.log"
Using license file /home/users/x/xiaowei_zhou/gurobi.lic

Gurobi 10.0.1 (linux64, gurobi_cl) logging started Fri May 19 01:20:32 2023


Gurobi 10.0.1 (linux64, gurobi_cl) logging started Fri May 19 01:20:32 2023

Set parameter TokenServer to value "ensys3.service.tu-berlin.de"
Set parameter LogFile to value "gurobi.log"
Set parameter TokenServer to value "ensys3.service.tu-berlin.de"
Set parameter LogFile to value "gurobi.log"
Using license file /home/users/x/xiaowei_zhou/gurobi.lic
Using license file /home/users/x/xiaowei_zhou/gurobi.lic

Gurobi 10.0.1 (linux64, gurobi_cl) logging started Fri May 19 01:20:52 2023

Set parameter TokenServer to value "ensys3.service.tu-berlin.de"
Set parameter LogFile to value "gurobi.log"
Using license file /home/users/x/xiaowei_zhou/gurobi.lic

Gurobi 10.0.1 (linux64, gurobi_cl) logging started Fri May 19 03:16:14 2023

Set parameter TokenServer to value "ensys3.service.tu-berlin.de"
Set parameter LogFile to value "gurobi.log"
Using license file /home/users/x/xiaowei_zhou/gurobi.lic

Gurobi 10.0.1 (linux64, gurobi_cl) logging started Fri May 19 03:16:43 2023

Set parameter TokenServer to value "ensys3.service.tu-berlin.de"
Set parameter LogFile to value "gurobi.log"
Using license file /home/users/x/xiaowei_zhou/gurobi.lic

Gurobi 10.0.1 (linux64, gurobi_cl) logging started Fri May 19 03:45:15 2023

Set parameter TokenServer to value "ensys3.service.tu-berlin.de"
Set parameter LogFile to value "gurobi.log"
Using license file /home/users/x/xiaowei_zhou/gurobi.lic

Gurobi 10.0.1 (linux64, gurobi_cl) logging started Fri May 19 03:45:36 2023

Set parameter TokenServer to value "ensys3.service.tu-berlin.de"
Set parameter LogFile to value "gurobi.log"
Using license file /home/users/x/xiaowei_zhou/gurobi.lic

Gurobi 10.0.1 (linux64, gurobi_cl) logging started Fri May 19 03:49:18 2023

Set parameter TokenServer to value "ensys3.service.tu-berlin.de"
Set parameter LogFile to value "gurobi.log"
Using license file /home/users/x/xiaowei_zhou/gurobi.lic

Gurobi 10.0.1 (linux64, gurobi_cl) logging started Fri May 19 03:49:47 2023

Set parameter TokenServer to value "ensys3.service.tu-berlin.de"
Set parameter LogFile to value "gurobi.log"
Using license file /home/users/x/xiaowei_zhou/gurobi.lic

Gurobi 10.0.1 (linux64, gurobi_cl) logging started Fri May 19 04:07:18 2023

Set parameter TokenServer to value "ensys3.service.tu-berlin.de"
Set parameter LogFile to value "gurobi.log"
Using license file /home/users/x/xiaowei_zhou/gurobi.lic

Gurobi 10.0.1 (linux64, gurobi_cl) logging started Fri May 19 04:07:38 2023

Set parameter TokenServer to value "ensys3.service.tu-berlin.de"
Set parameter LogFile to value "gurobi.log"
Using license file /home/users/x/xiaowei_zhou/gurobi.lic

Gurobi 10.0.1 (linux64, gurobi_cl) logging started Fri May 19 04:14:36 2023

Set parameter TokenServer to value "ensys3.service.tu-berlin.de"
Set parameter LogFile to value "gurobi.log"
Using license file /home/users/x/xiaowei_zhou/gurobi.lic

Gurobi 10.0.1 (linux64, gurobi_cl) logging started Fri May 19 04:15:05 2023

Set parameter TokenServer to value "ensys3.service.tu-berlin.de"
Set parameter LogFile to value "gurobi.log"
Using license file /home/users/x/xiaowei_zhou/gurobi.lic

Gurobi 10.0.1 (linux64, gurobi_cl) logging started Fri May 19 06:18:32 2023

Set parameter TokenServer to value "ensys3.service.tu-berlin.de"
Set parameter LogFile to value "gurobi.log"
Using license file /home/users/x/xiaowei_zhou/gurobi.lic

Gurobi 10.0.1 (linux64, gurobi_cl) logging started Fri May 19 06:18:52 2023

Set parameter TokenServer to value "ensys3.service.tu-berlin.de"
Set parameter LogFile to value "gurobi.log"
Using license file /home/users/x/xiaowei_zhou/gurobi.lic

Gurobi 10.0.1 (linux64, gurobi_cl) logging started Fri May 19 06:20:33 2023

Set parameter TokenServer to value "ensys3.service.tu-berlin.de"
Set parameter LogFile to value "gurobi.log"
Using license file /home/users/x/xiaowei_zhou/gurobi.lic

Gurobi 10.0.1 (linux64, gurobi_cl) logging started Fri May 19 06:20:53 2023

Set parameter TokenServer to value "ensys3.service.tu-berlin.de"
Set parameter LogFile to value "gurobi.log"
Using license file /home/users/x/xiaowei_zhou/gurobi.lic

Gurobi 10.0.1 (linux64, gurobi_cl) logging started Fri May 19 06:52:23 2023

Set parameter TokenServer to value "ensys3.service.tu-berlin.de"
Set parameter LogFile to value "gurobi.log"
Using license file /home/users/x/xiaowei_zhou/gurobi.lic

Gurobi 10.0.1 (linux64, gurobi_cl) logging started Fri May 19 06:52:44 2023

Set parameter TokenServer to value "ensys3.service.tu-berlin.de"
Set parameter LogFile to value "gurobi.log"
Using license file /home/users/x/xiaowei_zhou/gurobi.lic

Gurobi 10.0.1 (linux64, gurobi_cl) logging started Fri May 19 06:59:41 2023

Set parameter TokenServer to value "ensys3.service.tu-berlin.de"
Set parameter LogFile to value "gurobi.log"
Using license file /home/users/x/xiaowei_zhou/gurobi.lic

Gurobi 10.0.1 (linux64, gurobi_cl) logging started Fri May 19 07:00:11 2023

Set parameter TokenServer to value "ensys3.service.tu-berlin.de"
Set parameter LogFile to value "gurobi.log"
Using license file /home/users/x/xiaowei_zhou/gurobi.lic
